c:\users\krist\source\repos\compress\win32project1\debug\win32project1.pch
c:\users\krist\source\repos\compress\win32project1\debug\vc142.pdb
c:\users\krist\source\repos\compress\win32project1\debug\vc142.idb
c:\users\krist\source\repos\compress\win32project1\debug\stdafx.obj
c:\users\krist\source\repos\compress\win32project1\debug\zip.obj
c:\users\krist\source\repos\compress\win32project1\debug\win32project1.obj
c:\users\krist\source\repos\compress\win32project1\debug\unzip.obj
c:\users\krist\source\repos\compress\debug\win32project1.ilk
c:\users\krist\source\repos\compress\debug\win32project1.exe
c:\users\krist\source\repos\compress\debug\win32project1.pdb
c:\users\krist\source\repos\compress\win32project1\debug\win32project1.res
c:\users\krist\source\repos\compress\win32project1\debug\win32project1.tlog\cl.command.1.tlog
c:\users\krist\source\repos\compress\win32project1\debug\win32project1.tlog\cl.read.1.tlog
c:\users\krist\source\repos\compress\win32project1\debug\win32project1.tlog\cl.write.1.tlog
c:\users\krist\source\repos\compress\win32project1\debug\win32project1.tlog\link.command.1.tlog
c:\users\krist\source\repos\compress\win32project1\debug\win32project1.tlog\link.read.1.tlog
c:\users\krist\source\repos\compress\win32project1\debug\win32project1.tlog\link.write.1.tlog
c:\users\krist\source\repos\compress\win32project1\debug\win32project1.tlog\rc.command.1.tlog
c:\users\krist\source\repos\compress\win32project1\debug\win32project1.tlog\rc.read.1.tlog
c:\users\krist\source\repos\compress\win32project1\debug\win32project1.tlog\rc.write.1.tlog
